<?xml version="1.0" encoding="UTF-8"?>
<!-- Generated by org.testng.reporters.JUnitReportReporter -->
<testsuite hostname="DESKTOP-HKGAK7I" failures="0" tests="4" name="testng1.Demo1" time="0.070" errors="0" timestamp="2023-06-05T09:26:16 IST" skipped="0">
  <testcase classname="testng1.Demo1" name="Tc4" time="0.007"/>
  <system-out>
    <![CDATA[Using reporterLogin TC4]]>
  </system-out>
  <testcase classname="testng1.Demo1" name="Tc3" time="0.044"/>
  <system-out>
    <![CDATA[display email]]>
  </system-out>
  <testcase classname="testng1.Demo1" name="Tc2" time="0.005"/>
  <system-out/>
  <testcase classname="testng1.Demo1" name="Tc1" time="0.014"/>
  <system-out>
    <![CDATA[chetan]]>
  </system-out>
</testsuite> <!-- testng1.Demo1 -->
